This is pdfTeX, Version 3.141592653-2.6-1.40.26 (TeX Live 2024) (preloaded format=pdflatex 2024.7.9)  18 APR 2025 13:40
entering extended mode
 restricted \write18 enabled.
 file:line:error style messages enabled.
 %&-line parsing enabled.
**settings.tex
(./settings.tex
LaTeX2e <2023-11-01> patch level 1
L3 programming layer <2024-02-20>
(/usr/local/texlive/2024/texmf-dist/tex/latex/base/article.cls
Document Class: article 2023/05/17 v1.4n Standard LaTeX document class
(/usr/local/texlive/2024/texmf-dist/tex/latex/base/size12.clo
File: size12.clo 2023/05/17 v1.4n Standard LaTeX file (size option)

/usr/local/texlive/2024/texmf-dist/tex/latex/base/size12.clo:54: Font OT1/cmr/m
/n/12=cmr12 at 12.0pt not loadable: Metric (TFM) file not found.
<to be read again> 
                   relax 
l.54 \normalsize
                
? 
/usr/local/texlive/2024/texmf-dist/tex/latex/base/size12.clo:54: Emergency stop
.
<to be read again> 
                   relax 
l.54 \normalsize
                
End of file on the terminal!

 
Here is how much of TeX's memory you used:
 76 strings out of 474116
 1350 string characters out of 5743683
 1925187 words of memory out of 5000000
 22527 multiletter control sequences out of 15000+600000
 558069 words of font info for 36 fonts, out of 8000000 for 9000
 1141 hyphenation exceptions out of 8191
 33i,0n,38p,114b,35s stack positions out of 10000i,1000n,20000p,200000b,200000s
/usr/local/texlive/2024/texmf-dist/tex/latex/base/size12.clo:54:  ==> Fatal err
or occurred, no output PDF file produced!
